<?xml version="1.0" encoding="UTF-8"?>
<testng-results skipped="0" failed="0" ignored="0" total="1" passed="1">
  <reporter-output>
  </reporter-output>
  <suite name="Default suite" duration-ms="13415" started-at="2018-03-17T23:17:56Z" finished-at="2018-03-17T23:18:10Z">
    <groups>
    </groups>
    <test name="Default test" duration-ms="13415" started-at="2018-03-17T23:17:56Z" finished-at="2018-03-17T23:18:10Z">
      <class name="Run.KeyDriver">
        <test-method status="PASS" signature="LaunchBrowser()[pri:0, instance:Run.KeyDriver@1bce4f0a]" name="LaunchBrowser" is-config="true" duration-ms="9586" started-at="2018-03-17T23:17:56Z" finished-at="2018-03-17T23:18:06Z">
          <reporter-output>
          </reporter-output>
        </test-method> <!-- LaunchBrowser -->
        <test-method status="PASS" signature="executeTest()[pri:0, instance:Run.KeyDriver@1bce4f0a]" name="executeTest" duration-ms="1609" started-at="2018-03-17T23:18:06Z" finished-at="2018-03-17T23:18:08Z">
          <reporter-output>
          </reporter-output>
        </test-method> <!-- executeTest -->
        <test-method status="PASS" signature="closeApplication()[pri:0, instance:Run.KeyDriver@1bce4f0a]" name="closeApplication" is-config="true" duration-ms="2203" started-at="2018-03-17T23:18:08Z" finished-at="2018-03-17T23:18:10Z">
          <reporter-output>
          </reporter-output>
        </test-method> <!-- closeApplication -->
      </class> <!-- Run.KeyDriver -->
    </test> <!-- Default test -->
  </suite> <!-- Default suite -->
</testng-results>
